# JRE version: OpenJDK Runtime Environment Microsoft-10376486 (17.0.13+11) (build 17.0.13+11-LTS)
# Java VM: OpenJDK 64-Bit Server VM Microsoft-10376486 (17.0.13+11-LTS, mixed mode, sharing, tiered, compressed oops, compressed class ptrs, g1 gc, windows-amd64)
GC Precious Log:
 CPUs: 4 total, 4 available
 Memory: 8035M
 Large Page Support: Disabled
 NUMA Support: Disabled
 Compressed Oops: Enabled (32-bit)
 Heap Region Size: 1M
 Heap Min Capacity: 8M
 Heap Initial Capacity: 126M
 Heap Max Capacity: 1536M
 Pre-touch: Disabled
 Parallel Workers: 4
 Concurrent Workers: 1
 Concurrent Refinement Workers: 4
 Periodic GC: Disabled
Heap:
 garbage-first heap   total 340992K, used 171302K [0x00000000a0000000, 0x0000000100000000)
  region size 1024K, 36 young (36864K), 12 survivors (12288K)
 Metaspace       used 136211K, committed 137152K, reserved 557056K
  class space    used 17229K, committed 17664K, reserved 425984K
GC Heap History (20 events):
Event: 112.049 GC heap before
{Heap before GC invocations=67 (full 0):
 garbage-first heap   total 340992K, used 268386K [0x00000000a0000000, 0x0000000100000000)
  region size 1024K, 167 young (171008K), 17 survivors (17408K)
 Metaspace       used 135024K, committed 135936K, reserved 557056K
  class space    used 17191K, committed 17600K, reserved 425984K
}
Event: 112.070 GC heap after
{Heap after GC invocations=68 (full 0):
 garbage-first heap   total 340992K, used 116736K [0x00000000a0000000, 0x0000000100000000)
  region size 1024K, 4 young (4096K), 4 survivors (4096K)
 Metaspace       used 135024K, committed 135936K, reserved 557056K
  class space    used 17191K, committed 17600K, reserved 425984K
}
Event: 130.181 GC heap before
{Heap before GC invocations=68 (full 0):
 garbage-first heap   total 340992K, used 275456K [0x00000000a0000000, 0x0000000100000000)
  region size 1024K, 156 young (159744K), 4 survivors (4096K)
 Metaspace       used 135460K, committed 136320K, reserved 557056K
  class space    used 17204K, committed 17600K, reserved 425984K
}
Event: 130.196 GC heap after
{Heap after GC invocations=69 (full 0):
 garbage-first heap   total 340992K, used 124015K [0x00000000a0000000, 0x0000000100000000)
  region size 1024K, 8 young (8192K), 8 survivors (8192K)
 Metaspace       used 135460K, committed 136320K, reserved 557056K
  class space    used 17204K, committed 17600K, reserved 425984K
}
Event: 131.651 GC heap before
{Heap before GC invocations=69 (full 0):
 garbage-first heap   total 340992K, used 276591K [0x00000000a0000000, 0x0000000100000000)
  region size 1024K, 157 young (160768K), 8 survivors (8192K)
 Metaspace       used 135494K, committed 136384K, reserved 557056K
  class space    used 17205K, committed 17600K, reserved 425984K
}
Event: 131.668 GC heap after
{Heap after GC invocations=70 (full 0):
 garbage-first heap   total 340992K, used 129323K [0x00000000a0000000, 0x0000000100000000)
  region size 1024K, 16 young (16384K), 16 survivors (16384K)
 Metaspace       used 135494K, committed 136384K, reserved 557056K
  class space    used 17205K, committed 17600K, reserved 425984K
}
Event: 134.397 GC heap before
{Heap before GC invocations=70 (full 0):
 garbage-first heap   total 340992K, used 278827K [0x00000000a0000000, 0x0000000100000000)
  region size 1024K, 161 young (164864K), 16 survivors (16384K)
 Metaspace       used 135893K, committed 136832K, reserved 557056K
  class space    used 17227K, committed 17664K, reserved 425984K
}
Event: 134.419 GC heap after
{Heap after GC invocations=71 (full 0):
 garbage-first heap   total 340992K, used 133835K [0x00000000a0000000, 0x0000000100000000)
  region size 1024K, 14 young (14336K), 14 survivors (14336K)
 Metaspace       used 135893K, committed 136832K, reserved 557056K
  class space    used 17227K, committed 17664K, reserved 425984K
}
Event: 135.914 GC heap before
{Heap before GC invocations=71 (full 0):
 garbage-first heap   total 340992K, used 275147K [0x00000000a0000000, 0x0000000100000000)
  region size 1024K, 153 young (156672K), 14 survivors (14336K)
 Metaspace       used 135973K, committed 136896K, reserved 557056K
  class space    used 17228K, committed 17664K, reserved 425984K
}
Event: 135.936 GC heap after
{Heap after GC invocations=72 (full 0):
 garbage-first heap   total 340992K, used 138496K [0x00000000a0000000, 0x0000000100000000)
  region size 1024K, 14 young (14336K), 14 survivors (14336K)
 Metaspace       used 135973K, committed 136896K, reserved 557056K
  class space    used 17228K, committed 17664K, reserved 425984K
}
Event: 136.809 GC heap before
{Heap before GC invocations=72 (full 0):
 garbage-first heap   total 340992K, used 282880K [0x00000000a0000000, 0x0000000100000000)
  region size 1024K, 152 young (155648K), 14 survivors (14336K)
 Metaspace       used 136020K, committed 136960K, reserved 557056K
  class space    used 17229K, committed 17664K, reserved 425984K
}
Event: 136.827 GC heap after
{Heap after GC invocations=73 (full 0):
 garbage-first heap   total 340992K, used 142747K [0x00000000a0000000, 0x0000000100000000)
  region size 1024K, 7 young (7168K), 7 survivors (7168K)
 Metaspace       used 136020K, committed 136960K, reserved 557056K
  class space    used 17229K, committed 17664K, reserved 425984K
}
Event: 138.695 GC heap before
{Heap before GC invocations=73 (full 0):
 garbage-first heap   total 340992K, used 284059K [0x00000000a0000000, 0x0000000100000000)
  region size 1024K, 145 young (148480K), 7 survivors (7168K)
 Metaspace       used 136115K, committed 137024K, reserved 557056K
  class space    used 17229K, committed 17664K, reserved 425984K
}
Event: 138.710 GC heap after
{Heap after GC invocations=74 (full 0):
 garbage-first heap   total 340992K, used 143133K [0x00000000a0000000, 0x0000000100000000)
  region size 1024K, 8 young (8192K), 8 survivors (8192K)
 Metaspace       used 136115K, committed 137024K, reserved 557056K
  class space    used 17229K, committed 17664K, reserved 425984K
}
Event: 140.205 GC heap before
{Heap before GC invocations=74 (full 0):
 garbage-first heap   total 340992K, used 287517K [0x00000000a0000000, 0x0000000100000000)
  region size 1024K, 149 young (152576K), 8 survivors (8192K)
 Metaspace       used 136187K, committed 137152K, reserved 557056K
  class space    used 17229K, committed 17664K, reserved 425984K
}
Event: 140.215 GC heap after
{Heap after GC invocations=75 (full 0):
 garbage-first heap   total 340992K, used 144488K [0x00000000a0000000, 0x0000000100000000)
  region size 1024K, 9 young (9216K), 9 survivors (9216K)
 Metaspace       used 136187K, committed 137152K, reserved 557056K
  class space    used 17229K, committed 17664K, reserved 425984K
}
Event: 141.659 GC heap before
{Heap before GC invocations=75 (full 0):
 garbage-first heap   total 340992K, used 289896K [0x00000000a0000000, 0x0000000100000000)
  region size 1024K, 151 young (154624K), 9 survivors (9216K)
 Metaspace       used 136203K, committed 137152K, reserved 557056K
  class space    used 17229K, committed 17664K, reserved 425984K
}
Event: 141.672 GC heap after
{Heap after GC invocations=76 (full 0):
 garbage-first heap   total 340992K, used 146213K [0x00000000a0000000, 0x0000000100000000)
  region size 1024K, 11 young (11264K), 11 survivors (11264K)
 Metaspace       used 136203K, committed 137152K, reserved 557056K
  class space    used 17229K, committed 17664K, reserved 425984K
}
Event: 143.073 GC heap before
{Heap before GC invocations=76 (full 0):
 garbage-first heap   total 340992K, used 291621K [0x00000000a0000000, 0x0000000100000000)
  region size 1024K, 154 young (157696K), 11 survivors (11264K)
 Metaspace       used 136211K, committed 137152K, reserved 557056K
  class space    used 17229K, committed 17664K, reserved 425984K
}
Event: 143.087 GC heap after
{Heap after GC invocations=77 (full 0):
 garbage-first heap   total 340992K, used 147750K [0x00000000a0000000, 0x0000000100000000)
  region size 1024K, 12 young (12288K), 12 survivors (12288K)
 Metaspace       used 136211K, committed 137152K, reserved 557056K
  class space    used 17229K, committed 17664K, reserved 425984K
}

