# JRE version: OpenJDK Runtime Environment Microsoft-10376486 (17.0.13+11) (build 17.0.13+11-LTS)
# Java VM: OpenJDK 64-Bit Server VM Microsoft-10376486 (17.0.13+11-LTS, mixed mode, sharing, tiered, compressed oops, compressed class ptrs, g1 gc, windows-amd64)
GC Precious Log:
 CPUs: 4 total, 4 available
 Memory: 8035M
 Large Page Support: Disabled
 NUMA Support: Disabled
 Compressed Oops: Enabled (Zero based)
 Heap Region Size: 2M
 Heap Min Capacity: 8M
 Heap Initial Capacity: 126M
 Heap Max Capacity: 4G
 Pre-touch: Disabled
 Parallel Workers: 4
 Concurrent Workers: 1
 Concurrent Refinement Workers: 4
 Periodic GC: Disabled
Heap:
 garbage-first heap   total 399360K, used 125153K [0x0000000700000000, 0x0000000800000000)
  region size 2048K, 13 young (26624K), 13 survivors (26624K)
 Metaspace       used 97113K, committed 97856K, reserved 983040K
  class space    used 12410K, committed 12736K, reserved 851968K
GC Heap History (20 events):
Event: 121.444 GC heap after
{Heap after GC invocations=95 (full 0):
 garbage-first heap   total 331776K, used 109558K [0x0000000700000000, 0x0000000800000000)
  region size 2048K, 7 young (14336K), 7 survivors (14336K)
 Metaspace       used 48884K, committed 49536K, reserved 917504K
  class space    used 6595K, committed 6912K, reserved 851968K
}
Event: 121.975 GC heap before
{Heap before GC invocations=95 (full 0):
 garbage-first heap   total 331776K, used 281590K [0x0000000700000000, 0x0000000800000000)
  region size 2048K, 91 young (186368K), 7 survivors (14336K)
 Metaspace       used 48889K, committed 49536K, reserved 917504K
  class space    used 6595K, committed 6912K, reserved 851968K
}
Event: 121.990 GC heap after
{Heap after GC invocations=96 (full 0):
 garbage-first heap   total 331776K, used 112650K [0x0000000700000000, 0x0000000800000000)
  region size 2048K, 8 young (16384K), 8 survivors (16384K)
 Metaspace       used 48889K, committed 49536K, reserved 917504K
  class space    used 6595K, committed 6912K, reserved 851968K
}
Event: 122.820 GC heap before
{Heap before GC invocations=96 (full 0):
 garbage-first heap   total 331776K, used 278538K [0x0000000700000000, 0x0000000800000000)
  region size 2048K, 89 young (182272K), 8 survivors (16384K)
 Metaspace       used 48889K, committed 49536K, reserved 917504K
  class space    used 6595K, committed 6912K, reserved 851968K
}
Event: 122.838 GC heap after
{Heap after GC invocations=97 (full 0):
 garbage-first heap   total 331776K, used 114585K [0x0000000700000000, 0x0000000800000000)
  region size 2048K, 8 young (16384K), 8 survivors (16384K)
 Metaspace       used 48889K, committed 49536K, reserved 917504K
  class space    used 6595K, committed 6912K, reserved 851968K
}
Event: 123.784 GC heap before
{Heap before GC invocations=97 (full 0):
 garbage-first heap   total 331776K, used 278425K [0x0000000700000000, 0x0000000800000000)
  region size 2048K, 88 young (180224K), 8 survivors (16384K)
 Metaspace       used 48890K, committed 49536K, reserved 917504K
  class space    used 6595K, committed 6912K, reserved 851968K
}
Event: 123.803 GC heap after
{Heap after GC invocations=98 (full 0):
 garbage-first heap   total 399360K, used 116638K [0x0000000700000000, 0x0000000800000000)
  region size 2048K, 7 young (14336K), 7 survivors (14336K)
 Metaspace       used 48890K, committed 49536K, reserved 917504K
  class space    used 6595K, committed 6912K, reserved 851968K
}
Event: 125.066 GC heap before
{Heap before GC invocations=98 (full 0):
 garbage-first heap   total 399360K, used 350110K [0x0000000700000000, 0x0000000800000000)
  region size 2048K, 117 young (239616K), 7 survivors (14336K)
 Metaspace       used 48936K, committed 49600K, reserved 917504K
  class space    used 6601K, committed 6912K, reserved 851968K
}
Event: 125.088 GC heap after
{Heap after GC invocations=99 (full 0):
 garbage-first heap   total 399360K, used 116554K [0x0000000700000000, 0x0000000800000000)
  region size 2048K, 10 young (20480K), 10 survivors (20480K)
 Metaspace       used 48936K, committed 49600K, reserved 917504K
  class space    used 6601K, committed 6912K, reserved 851968K
}
Event: 126.137 GC heap before
{Heap before GC invocations=99 (full 0):
 garbage-first heap   total 399360K, used 333642K [0x0000000700000000, 0x0000000800000000)
  region size 2048K, 117 young (239616K), 10 survivors (20480K)
 Metaspace       used 49013K, committed 49664K, reserved 917504K
  class space    used 6601K, committed 6912K, reserved 851968K
}
Event: 126.156 GC heap after
{Heap after GC invocations=100 (full 0):
 garbage-first heap   total 399360K, used 115239K [0x0000000700000000, 0x0000000800000000)
  region size 2048K, 7 young (14336K), 7 survivors (14336K)
 Metaspace       used 49013K, committed 49664K, reserved 917504K
  class space    used 6601K, committed 6912K, reserved 851968K
}
Event: 127.633 GC heap before
{Heap before GC invocations=100 (full 0):
 garbage-first heap   total 399360K, used 340519K [0x0000000700000000, 0x0000000800000000)
  region size 2048K, 117 young (239616K), 7 survivors (14336K)
 Metaspace       used 49039K, committed 49664K, reserved 917504K
  class space    used 6601K, committed 6912K, reserved 851968K
}
Event: 127.648 GC heap after
{Heap after GC invocations=101 (full 0):
 garbage-first heap   total 399360K, used 113900K [0x0000000700000000, 0x0000000800000000)
  region size 2048K, 7 young (14336K), 7 survivors (14336K)
 Metaspace       used 49039K, committed 49664K, reserved 917504K
  class space    used 6601K, committed 6912K, reserved 851968K
}
Event: 132.637 GC heap before
{Heap before GC invocations=101 (full 0):
 garbage-first heap   total 399360K, used 316652K [0x0000000700000000, 0x0000000800000000)
  region size 2048K, 107 young (219136K), 7 survivors (14336K)
 Metaspace       used 59746K, committed 60416K, reserved 917504K
  class space    used 8371K, committed 8704K, reserved 851968K
}
Event: 132.654 GC heap after
{Heap after GC invocations=102 (full 0):
 garbage-first heap   total 399360K, used 115081K [0x0000000700000000, 0x0000000800000000)
  region size 2048K, 7 young (14336K), 7 survivors (14336K)
 Metaspace       used 59746K, committed 60416K, reserved 917504K
  class space    used 8371K, committed 8704K, reserved 851968K
}
Event: 140.865 GC heap before
{Heap before GC invocations=103 (full 0):
 garbage-first heap   total 382976K, used 323977K [0x0000000700000000, 0x0000000800000000)
  region size 2048K, 112 young (229376K), 7 survivors (14336K)
 Metaspace       used 78883K, committed 79552K, reserved 983040K
  class space    used 10485K, committed 10816K, reserved 851968K
}
Event: 140.892 GC heap after
{Heap after GC invocations=104 (full 0):
 garbage-first heap   total 382976K, used 122029K [0x0000000700000000, 0x0000000800000000)
  region size 2048K, 14 young (28672K), 14 survivors (28672K)
 Metaspace       used 78883K, committed 79552K, reserved 983040K
  class space    used 10485K, committed 10816K, reserved 851968K
}
Event: 140.954 GC heap before
{Heap before GC invocations=104 (full 0):
 garbage-first heap   total 382976K, used 124077K [0x0000000700000000, 0x0000000800000000)
  region size 2048K, 15 young (30720K), 14 survivors (28672K)
 Metaspace       used 79030K, committed 79744K, reserved 983040K
  class space    used 10502K, committed 10816K, reserved 851968K
}
Event: 140.977 GC heap after
{Heap after GC invocations=105 (full 0):
 garbage-first heap   total 382976K, used 102925K [0x0000000700000000, 0x0000000800000000)
  region size 2048K, 2 young (4096K), 2 survivors (4096K)
 Metaspace       used 79030K, committed 79744K, reserved 983040K
  class space    used 10502K, committed 10816K, reserved 851968K
}
Event: 148.045 GC heap before
{Heap before GC invocations=105 (full 0):
 garbage-first heap   total 382976K, used 307725K [0x0000000700000000, 0x0000000800000000)
  region size 2048K, 102 young (208896K), 2 survivors (4096K)
 Metaspace       used 97113K, committed 97856K, reserved 983040K
  class space    used 12410K, committed 12736K, reserved 851968K
}

